<html>
<head>
<title>TestNG:  Test2 - Chrome</title>
<link href="../testng.css" rel="stylesheet" type="text/css" />
<link href="../my-testng.css" rel="stylesheet" type="text/css" />

<style type="text/css">
.log { display: none;} 
.stack-trace { display: none;} 
</style>
<script type="text/javascript">
<!--
function flip(e) {
  current = e.style.display;
  if (current == 'block') {
    e.style.display = 'none';
    return 0;
  }
  else {
    e.style.display = 'block';
    return 1;
  }
}

function toggleBox(szDivId, elem, msg1, msg2)
{
  var res = -1;  if (document.getElementById) {
    res = flip(document.getElementById(szDivId));
  }
  else if (document.all) {
    // this is the way old msie versions work
    res = flip(document.all[szDivId]);
  }
  if(elem) {
    if(res == 0) elem.innerHTML = msg1; else elem.innerHTML = msg2;
  }

}

function toggleAllBoxes() {
  if (document.getElementsByTagName) {
    d = document.getElementsByTagName('div');
    for (i = 0; i < d.length; i++) {
      if (d[i].className == 'log') {
        flip(d[i]);
      }
    }
  }
}

// -->
</script>

</head>
<body>
<h2 align='center'>Test2 - Chrome</h2><table border='1' align="center">
<tr>
<td>Tests passed/Failed/Skipped:</td><td>7/1/0</td>
</tr><tr>
<td>Started on:</td><td>Thu Feb 20 13:32:28 PST 2014</td>
</tr>
<tr><td>Total time:</td><td>21 seconds (21473 ms)</td>
</tr><tr>
<td>Included groups:</td><td></td>
</tr><tr>
<td>Excluded groups:</td><td></td>
</tr>
</table><p/>
<small><i>(Hover the method name to see the test class name)</i></small><p/>
<table width='100%' border='1' class='invocation-failed'>
<tr><td colspan='4' align='center'><b>FAILED TESTS</b></td></tr>
<tr><td><b>Test method</b></td>
<td width="30%"><b>Exception</b></td>
<td width="10%"><b>Time (seconds)</b></td>
<td><b>Instance</b></td>
</tr>
<tr>
<td title='test.Logout.logoutTest()'><b>logoutTest</b><br>Test class: test.Logout<br>Test method: Logout<br/>
<a href="#Output-408915130" onClick='toggleBox("Output-408915130", this, "Show output", "Hide output");'>Show output</a>

<a href="#Output-408915130" onClick="toggleAllBoxes();">Show all outputs</a>
<div class='log' id="Output-408915130">
Saved <a href=/users/administrator/richa/data/20_Feb_2014__01_32_49PM.png>Screenshot</a><br/>
</div>
</td>
<td><div><pre>org.openqa.selenium.WebDriverException: unknown error: Element is not clickable at point (1009, 20). Other element would receive the click: &lt;div class=&quot;_10 uiLayer _4-hy _3qw&quot; role=&quot;dialog&quot; tabindex=&quot;0&quot; style=&quot;min-width: 1050px;&quot;&gt;...&lt;/div&gt;
  (Session info: chrome=33.0.1750.117)
  (Driver info: chromedriver=2.9.248307,platform=Mac OS X 10.8.5 x86_64) (WARNING: The server did not provide any stacktrace information)
Command duration or timeout: 122 milliseconds
Build info: version: &apos;2.39.0&apos;, revision: &apos;ff23eac&apos;, time: &apos;2013-12-16 16:11:15&apos;
System info: host: &apos;rahul-mbp15.local&apos;, ip: &apos;192.168.2.107&apos;, os.name: &apos;Mac OS X&apos;, os.arch: &apos;x86_64&apos;, os.version: &apos;10.8.5&apos;, java.version: &apos;1.7.0_51&apos;
Session ID: 79a51abbdee240ba0050260780c5339e
Driver info: org.openqa.selenium.chrome.ChromeDriver
Capabilities [{platform=MAC, acceptSslCerts=true, javascriptEnabled=true, browserName=chrome, chrome={userDataDir=/var/folders/gr/nx15q86j2992y2hb11hkz2mm0000gn/T/.org.chromium.Chromium.J2r44I}, rotatable=false, locationContextEnabled=true, version=33.0.1750.117, takesHeapSnapshot=true, cssSelectorsEnabled=true, databaseEnabled=false, handlesAlerts=true, browserConnectionEnabled=false, nativeEvents=true, webStorageEnabled=true, applicationCacheEnabled=false, takesScreenshot=true}]
	at org.openqa.selenium.remote.ErrorHandler.createThrowable(ErrorHandler.java:193)
	at org.openqa.selenium.remote.ErrorHandler.throwIfResponseFailed(ErrorHandler.java:145)
	at org.openqa.selenium.remote.RemoteWebDriver.execute(RemoteWebDriver.java:554)
	at org.openqa.selenium.remote.RemoteWebElement.execute(RemoteWebElement.java:268)
	at org.openqa.selenium.remote.RemoteWebElement.click(RemoteWebElement.java:79)
	at test.Logout.logoutTest(Logout.java:19)
	at java.util.concurrent.FutureTask.run(FutureTask.java:262)
	at java.util.concurrent.ThreadPoolExecutor.runWorker(ThreadPoolExecutor.java:1145)
	at java.util.concurrent.ThreadPoolExecutor$Worker.run(ThreadPoolExecutor.java:615)
	at java.lang.Thread.run(Thread.java:744)
... Removed 20 stack frames</pre></div><a href='#' onClick='toggleBox("stack-trace408915130", this, "Click to show all stack frames", "Click to hide stack frames")'>Click to show all stack frames</a>
<div class='stack-trace' id='stack-trace408915130'><pre>org.openqa.selenium.WebDriverException: unknown error: Element is not clickable at point (1009, 20). Other element would receive the click: &lt;div class=&quot;_10 uiLayer _4-hy _3qw&quot; role=&quot;dialog&quot; tabindex=&quot;0&quot; style=&quot;min-width: 1050px;&quot;&gt;...&lt;/div&gt;
  (Session info: chrome=33.0.1750.117)
  (Driver info: chromedriver=2.9.248307,platform=Mac OS X 10.8.5 x86_64) (WARNING: The server did not provide any stacktrace information)
Command duration or timeout: 122 milliseconds
Build info: version: &apos;2.39.0&apos;, revision: &apos;ff23eac&apos;, time: &apos;2013-12-16 16:11:15&apos;
System info: host: &apos;rahul-mbp15.local&apos;, ip: &apos;192.168.2.107&apos;, os.name: &apos;Mac OS X&apos;, os.arch: &apos;x86_64&apos;, os.version: &apos;10.8.5&apos;, java.version: &apos;1.7.0_51&apos;
Session ID: 79a51abbdee240ba0050260780c5339e
Driver info: org.openqa.selenium.chrome.ChromeDriver
Capabilities [{platform=MAC, acceptSslCerts=true, javascriptEnabled=true, browserName=chrome, chrome={userDataDir=/var/folders/gr/nx15q86j2992y2hb11hkz2mm0000gn/T/.org.chromium.Chromium.J2r44I}, rotatable=false, locationContextEnabled=true, version=33.0.1750.117, takesHeapSnapshot=true, cssSelectorsEnabled=true, databaseEnabled=false, handlesAlerts=true, browserConnectionEnabled=false, nativeEvents=true, webStorageEnabled=true, applicationCacheEnabled=false, takesScreenshot=true}]
	at sun.reflect.NativeConstructorAccessorImpl.newInstance0(Native Method)
	at sun.reflect.NativeConstructorAccessorImpl.newInstance(NativeConstructorAccessorImpl.java:57)
	at sun.reflect.DelegatingConstructorAccessorImpl.newInstance(DelegatingConstructorAccessorImpl.java:45)
	at java.lang.reflect.Constructor.newInstance(Constructor.java:526)
	at org.openqa.selenium.remote.ErrorHandler.createThrowable(ErrorHandler.java:193)
	at org.openqa.selenium.remote.ErrorHandler.throwIfResponseFailed(ErrorHandler.java:145)
	at org.openqa.selenium.remote.RemoteWebDriver.execute(RemoteWebDriver.java:554)
	at org.openqa.selenium.remote.RemoteWebElement.execute(RemoteWebElement.java:268)
	at org.openqa.selenium.remote.RemoteWebElement.click(RemoteWebElement.java:79)
	at test.Logout.logoutTest(Logout.java:19)
	at sun.reflect.NativeMethodAccessorImpl.invoke0(Native Method)
	at sun.reflect.NativeMethodAccessorImpl.invoke(NativeMethodAccessorImpl.java:57)
	at sun.reflect.DelegatingMethodAccessorImpl.invoke(DelegatingMethodAccessorImpl.java:43)
	at java.lang.reflect.Method.invoke(Method.java:606)
	at org.testng.internal.MethodInvocationHelper.invokeMethod(MethodInvocationHelper.java:84)
	at org.testng.internal.Invoker.invokeMethod(Invoker.java:714)
	at org.testng.internal.Invoker.invokeTestMethod(Invoker.java:901)
	at org.testng.internal.Invoker.invokeTestMethods(Invoker.java:1231)
	at org.testng.internal.TestMethodWorker.invokeTestMethods(TestMethodWorker.java:127)
	at org.testng.internal.TestMethodWorker.run(TestMethodWorker.java:111)
	at org.testng.TestRunner.privateRun(TestRunner.java:767)
	at org.testng.TestRunner.run(TestRunner.java:617)
	at org.testng.SuiteRunner.runTest(SuiteRunner.java:334)
	at org.testng.SuiteRunner.access$000(SuiteRunner.java:37)
	at org.testng.SuiteRunner$SuiteWorker.run(SuiteRunner.java:368)
	at org.testng.internal.thread.ThreadUtil$2.call(ThreadUtil.java:64)
	at java.util.concurrent.FutureTask.run(FutureTask.java:262)
	at java.util.concurrent.ThreadPoolExecutor.runWorker(ThreadPoolExecutor.java:1145)
	at java.util.concurrent.ThreadPoolExecutor$Worker.run(ThreadPoolExecutor.java:615)
	at java.lang.Thread.run(Thread.java:744)
</pre></div></td>
<td>0</td>
<td>test.Logout@6735a4c2</td></tr>
</table><p>
<table width='100%' border='1' class='invocation-passed'>
<tr><td colspan='4' align='center'><b>PASSED TESTS</b></td></tr>
<tr><td><b>Test method</b></td>
<td width="30%"><b>Exception</b></td>
<td width="10%"><b>Time (seconds)</b></td>
<td><b>Instance</b></td>
</tr>
<tr>
<td title='test.Login.EmptyLoginTest()'><b>EmptyLoginTest</b><br>Test class: test.Login<br>Test method: Login with no value</td>
<td></td>
<td>2</td>
<td>test.Login@a22ee8c</td></tr>
<tr>
<td title='test.Home.HomeTest()'><b>HomeTest</b><br>Test class: test.Home<br>Test method: load elements and check for the element</td>
<td></td>
<td>6</td>
<td>test.Home@7b5b2e86</td></tr>
<tr>
<td title='test.Login.InvalidLoginTest()'><b>InvalidLoginTest</b><br>Test class: test.Login<br>Test method: Login with invalid value</td>
<td></td>
<td>0</td>
<td>test.Login@a22ee8c</td></tr>
<tr>
<td title='test.Home.dropDown()'><b>dropDown</b><br>Test class: test.Home<br>Test method: Drop Down element</td>
<td></td>
<td>3</td>
<td>test.Home@7b5b2e86</td></tr>
<tr>
<td title='test.Home.statusEmpty()'><b>statusEmpty</b><br>Test class: test.Home<br>Test method: handle pop-up for empty status</td>
<td></td>
<td>2</td>
<td>test.Home@7b5b2e86</td></tr>
<tr>
<td title='test.Home.statusHappy()'><b>statusHappy</b><br>Test class: test.Home<br>Test method: update happy status</td>
<td></td>
<td>2</td>
<td>test.Home@7b5b2e86</td></tr>
<tr>
<td title='test.Home.toolTip()'><b>toolTip</b><br>Test class: test.Home<br>Test method: Find the tool tip</td>
<td></td>
<td>0</td>
<td>test.Home@7b5b2e86</td></tr>
</table><p>
</body>
</html>