<?xml version="1.0" encoding="UTF-8"?>
<!-- Generated by org.testng.reporters.JUnitXMLReporter -->
<testsuite hostname="rahul-mbp15.local" name="Test2 - Chrome" tests="8" failures="1" timestamp="20 Feb 2014 21:32:49 GMT" time="21.473" errors="0">
  <testcase name="EmptyLoginTest" time="2.779" classname="test.Login"/>
  <testcase name="InvalidLoginTest" time="0.387" classname="test.Login"/>
  <testcase name="HomeTest" time="6.192" classname="test.Home"/>
  <testcase name="dropDown" time="3.856" classname="test.Home"/>
  <testcase name="statusEmpty" time="2.732" classname="test.Home"/>
  <testcase name="statusHappy" time="2.34" classname="test.Home"/>
  <testcase name="toolTip" time="0.268" classname="test.Home"/>
  <testcase name="logoutTest" time="0.186" classname="test.Logout">
    <failure type="org.openqa.selenium.WebDriverException" message="unknown error: Element is not clickable at point (1009, 20). Other element would receive the click: &amp;lt;div class=&amp;quot;_10 uiLayer _4-hy _3qw&amp;quot; role=&amp;quot;dialog&amp;quot; tabindex=&amp;quot;0&amp;quot; style=&amp;quot;min-width: 1050px;&amp;quot;&amp;gt;...&amp;lt;/div&amp;gt;
  (Session info: chrome=33.0.1750.117)
  (Driver info: chromedriver=2.9.248307,platform=Mac OS X 10.8.5 x86_64) (WARNING: The server did not provide any stacktrace information)
Command duration or timeout: 122 milliseconds
Build info: version: &amp;apos;2.39.0&amp;apos;, revision: &amp;apos;ff23eac&amp;apos;, time: &amp;apos;2013-12-16 16:11:15&amp;apos;
System info: host: &amp;apos;rahul-mbp15.local&amp;apos;, ip: &amp;apos;192.168.2.107&amp;apos;, os.name: &amp;apos;Mac OS X&amp;apos;, os.arch: &amp;apos;x86_64&amp;apos;, os.version: &amp;apos;10.8.5&amp;apos;, java.version: &amp;apos;1.7.0_51&amp;apos;
Session ID: 79a51abbdee240ba0050260780c5339e
Driver info: org.openqa.selenium.chrome.ChromeDriver
Capabilities [{platform=MAC, acceptSslCerts=true, javascriptEnabled=true, browserName=chrome, chrome={userDataDir=/var/folders/gr/nx15q86j2992y2hb11hkz2mm0000gn/T/.org.chromium.Chromium.J2r44I}, rotatable=false, locationContextEnabled=true, version=33.0.1750.117, takesHeapSnapshot=true, cssSelectorsEnabled=true, databaseEnabled=false, handlesAlerts=true, browserConnectionEnabled=false, nativeEvents=true, webStorageEnabled=true, applicationCacheEnabled=false, takesScreenshot=true}]">
      <![CDATA[org.openqa.selenium.WebDriverException: unknown error: Element is not clickable at point (1009, 20). Other element would receive the click: <div class="_10 uiLayer _4-hy _3qw" role="dialog" tabindex="0" style="min-width: 1050px;">...</div>
  (Session info: chrome=33.0.1750.117)
  (Driver info: chromedriver=2.9.248307,platform=Mac OS X 10.8.5 x86_64) (WARNING: The server did not provide any stacktrace information)
Command duration or timeout: 122 milliseconds
Build info: version: '2.39.0', revision: 'ff23eac', time: '2013-12-16 16:11:15'
System info: host: 'rahul-mbp15.local', ip: '192.168.2.107', os.name: 'Mac OS X', os.arch: 'x86_64', os.version: '10.8.5', java.version: '1.7.0_51'
Session ID: 79a51abbdee240ba0050260780c5339e
Driver info: org.openqa.selenium.chrome.ChromeDriver
Capabilities [{platform=MAC, acceptSslCerts=true, javascriptEnabled=true, browserName=chrome, chrome={userDataDir=/var/folders/gr/nx15q86j2992y2hb11hkz2mm0000gn/T/.org.chromium.Chromium.J2r44I}, rotatable=false, locationContextEnabled=true, version=33.0.1750.117, takesHeapSnapshot=true, cssSelectorsEnabled=true, databaseEnabled=false, handlesAlerts=true, browserConnectionEnabled=false, nativeEvents=true, webStorageEnabled=true, applicationCacheEnabled=false, takesScreenshot=true}]
	at org.openqa.selenium.remote.ErrorHandler.createThrowable(ErrorHandler.java:193)
	at org.openqa.selenium.remote.ErrorHandler.throwIfResponseFailed(ErrorHandler.java:145)
	at org.openqa.selenium.remote.RemoteWebDriver.execute(RemoteWebDriver.java:554)
	at org.openqa.selenium.remote.RemoteWebElement.execute(RemoteWebElement.java:268)
	at org.openqa.selenium.remote.RemoteWebElement.click(RemoteWebElement.java:79)
	at test.Logout.logoutTest(Logout.java:19)
	at java.util.concurrent.FutureTask.run(FutureTask.java:262)
	at java.util.concurrent.ThreadPoolExecutor.runWorker(ThreadPoolExecutor.java:1145)
	at java.util.concurrent.ThreadPoolExecutor$Worker.run(ThreadPoolExecutor.java:615)
	at java.lang.Thread.run(Thread.java:744)
... Removed 20 stack frames]]>
    </failure>
  </testcase> <!-- logoutTest -->
</testsuite> <!-- Test2 - Chrome -->
